<?xml version="1.0" encoding="UTF-8"?>
<!-- Generated by org.testng.reporters.JUnitReportReporter -->
<testsuite skipped="0" hostname="DESKTOP-MOIAAJJ" name="Assignment.CrossAsyst.JustTest" tests="1" failures="0" timestamp="01 Apr 2020 05:27:42 GMT" time="51.504" errors="0">
  <testcase name="Testing" time="51.504" classname="Assignment.CrossAsyst.JustTest"/>
</testsuite> <!-- Assignment.CrossAsyst.JustTest -->
